<?xml version="1.0" encoding="UTF-8"?>
<!-- Generated by org.testng.reporters.JUnitXMLReporter -->
<testsuite hostname="LAPTOP-L8TRNUCI" ignored="0" name="Default test" tests="3" failures="0" timestamp="13 Dec 2021 17:18:40 GMT" time="0.13" errors="0">
  <testcase name="logInLable" time="0.035" classname="com.tests.loginTest"/>
  <testcase name="logInLogo" time="0.062" classname="com.tests.loginTest"/>
  <testcase name="logInTitle" time="0.016" classname="com.tests.loginTest"/>
</testsuite> <!-- Default test -->
